Build started 1/27/2015 11:39:56 PM.
     1>Project "D:\Projects\GitHub\LearnCPP\Myrrhage\Myrrhage.vcxproj" on node 2 (Build target(s)).
     1>ClCompile:
         C:\Program Files (x86)\VC\bin\CL.exe /c /Zi /nologo /W3 /WX- /sdl /Od /Oy- /D WIN32 /D _DEBUG /D _CONSOLE /D _LIB /D _UNICODE /D UNICODE /Gm /EHsc /RTC1 /MDd /GS /fp:precise /Zc:wchar_t /Zc:forScope /Yu"stdafx.h" /Fp"Debug\Myrrhage.pch" /Fo"Debug\\" /Fd"Debug\vc120.pdb" /Gd /TP /analyze- /errorReport:prompt BaseArmor.cpp BodyArmor.cpp Equipment.cpp FeetArmor.cpp HandArmor.cpp HeadArmor.cpp Hero.cpp LegArmor.cpp Myrrhage.cpp
         Equipment.cpp
         Generating Code...
         Compiling...
         Myrrhage.cpp
     1>Myrrhage.cpp(17): warning C4244: 'argument' : conversion from 'time_t' to 'unsigned int', possible loss of data
         Hero.cpp
         Generating Code...
         Skipping... (no relevant changes detected)
         LegArmor.cpp
         HeadArmor.cpp
         HandArmor.cpp
         FeetArmor.cpp
         BodyArmor.cpp
         BaseArmor.cpp
       Link:
         C:\Program Files (x86)\VC\bin\link.exe /ERRORREPORT:PROMPT /OUT:"D:\Projects\GitHub\LearnCPP\Debug\Myrrhage.exe" /INCREMENTAL /NOLOGO kernel32.lib user32.lib gdi32.lib winspool.lib comdlg32.lib advapi32.lib shell32.lib ole32.lib oleaut32.lib uuid.lib odbc32.lib odbccp32.lib /MANIFEST /MANIFESTUAC:"level='asInvoker' uiAccess='false'" /manifest:embed /DEBUG /PDB:"D:\Projects\GitHub\LearnCPP\Debug\Myrrhage.pdb" /SUBSYSTEM:CONSOLE /TLBID:1 /DYNAMICBASE /NXCOMPAT /IMPLIB:"D:\Projects\GitHub\LearnCPP\Debug\Myrrhage.lib" /MACHINE:X86 Debug\Agility.obj
         Debug\BaseArmor.obj
         Debug\BaseAttribute.obj
         Debug\BaseCharacter.obj
         Debug\BaseEntity.obj
         Debug\BaseItem.obj
         Debug\BasePotion.obj
         Debug\BaseSkill.obj
         Debug\BaseWeapon.obj
         Debug\BodyArmor.obj
         Debug\Constitution.obj
         Debug\Dexterity.obj
         Debug\Equipment.obj
         Debug\FeetArmor.obj
         Debug\HandArmor.obj
         Debug\HeadArmor.obj
         Debug\Hero.obj
         Debug\Intelligence.obj
         Debug\Inventory.obj
         Debug\LegArmor.obj
         Debug\MyForm.obj
         Debug\Myrrhage.obj
         Debug\SkillSet.obj
         Debug\stdafx.obj
         Debug\Strength.obj
         Myrrhage.vcxproj -> D:\Projects\GitHub\LearnCPP\Debug\Myrrhage.exe
     1>Done Building Project "D:\Projects\GitHub\LearnCPP\Myrrhage\Myrrhage.vcxproj" (Build target(s)).

Build succeeded.

Time Elapsed 00:00:00.54
